<?xml version="1.0" encoding="UTF-8"?>
<!-- Generated by org.testng.reporters.JUnitReportReporter -->
<testsuite hostname="DESKTOP-3LSHSV1" failures="0" tests="2" name="UItest.Luma5and14" time="53.539" errors="0" timestamp="19 Dec 2022 16:03:25 GMT" skipped="0">
  <testcase classname="UItest.Luma5and14" name="ItemDisplay" time="22.043"/>
  <testcase classname="UItest.Luma5and14" name="MyReview" time="31.496"/>
</testsuite> <!-- UItest.Luma5and14 -->
